<?xml version="1.0" encoding="UTF-8"?>
<testsuite xmlns:xsi="http://www.w3.org/2001/XMLSchema-instance" xsi:noNamespaceSchemaLocation="https://maven.apache.org/surefire/maven-surefire-plugin/xsd/surefire-test-report-3.0.xsd" version="3.0" name="com.example.PageDesginerApplicationTests" time="0.232" tests="1" errors="0" skipped="0" failures="0">
  <properties>
[...]
</properties>
  <testcase name="jwtGenTest" classname="com.example.PageDesginerApplicationTests" time="0.215">
    <system-out><![CDATA[eyJhbGciOiJIUzI1NiJ9.eyJuYW1lIjoiU0NVVCIsImlkIjoxLCJleHAiOjE3MDMwNjg3NzZ9.pTLgwYS4rMpOu6XWHGX64Si3TdnNBGZK1pvAQAT8xJs
]]></system-out>
  </testcase>
</testsuite>