<?xml version="1.0" encoding="UTF-8"?>
<testsuite xmlns:xsi="http://www.w3.org/2001/XMLSchema-instance" xsi:noNamespaceSchemaLocation="https://maven.apache.org/surefire/maven-surefire-plugin/xsd/surefire-test-report-3.0.xsd" version="3.0" name="com.example.PageDesginerApplicationTests" time="0.314" tests="2" errors="0" skipped="0" failures="0">
  <properties>
[...]
</properties>
  <testcase name="jwtGenTest" classname="com.example.PageDesginerApplicationTests" time="0.294">
    <system-out><![CDATA[eyJhbGciOiJIUzI1NiJ9.eyJuYW1lIjoiU0NVVCIsImlkIjoxLCJleHAiOjE3MTU4NzIyMjN9.FuJrg4UGXrHV5JfD_o_-VvI8x1fNkYmb5t5NRW1bXEA
]]></system-out>
  </testcase>
  <testcase name="userProfileTest" classname="com.example.PageDesginerApplicationTests" time="0.001">
    <system-out><![CDATA[D:\GitHub\Repository\springBootShopping-Design\page_Desginer\
]]></system-out>
  </testcase>
</testsuite>